<?xml version="1.0" encoding="UTF-8"?>
<!-- Generated by org.testng.reporters.JUnitXMLReporter -->
<testsuite ignored="0" hostname="FILT111" failures="0" tests="1" name="Login" time="0.032" errors="0" timestamp="2023-08-07T12:16:48 IST">
  <testcase classname="TestBase.JohnsonBase" name="@AfterTest afterTest" time="-1.691390808212E9">
    <skipped/>
  </testcase> <!-- @AfterTest afterTest -->
  <testcase classname="Frontend_Testcases.Login" name="login" time="0.0">
    <skipped/>
  </testcase> <!-- login -->
</testsuite> <!-- Login -->
