<?xml version="1.0" encoding="UTF-8"?>
<!-- Generated by org.testng.reporters.JUnitXMLReporter -->
<testsuite ignored="0" hostname="FILT111" failures="0" tests="1" name="Open Frontend" time="0.371" errors="0" timestamp="2023-08-07T12:16:48 IST">
  <testcase classname="TestBase.JohnsonBase" name="@AfterTest afterTest" time="-1.691390808133E9">
    <skipped/>
  </testcase> <!-- @AfterTest afterTest -->
  <testcase classname="Frontend_Testcases.OpenFrontend" name="openFrontend" time="0.0">
    <skipped/>
  </testcase> <!-- openFrontend -->
</testsuite> <!-- Open Frontend -->
