<?xml version="1.0" encoding="UTF-8"?>
<testng-results ignored="0" total="7" passed="0" failed="0" skipped="7">
  <reporter-output>
  </reporter-output>
  <suite started-at="2023-08-07T12:16:47 IST" name="Suite" finished-at="2023-08-07T12:16:48 IST" duration-ms="545">
    <groups>
    </groups>
    <test started-at="2023-08-07T12:16:47 IST" name="Open Frontend" finished-at="2023-08-07T12:16:48 IST" duration-ms="371">
      <class name="Frontend_Testcases.OpenFrontend">
        <test-method is-config="true" signature="beforeTest(org.testng.ITestContext)[pri:0, instance:Frontend_Testcases.OpenFrontend@7ef82753]" started-at="2023-08-07T12:16:47 IST" name="beforeTest" finished-at="2023-08-07T12:16:48 IST" duration-ms="295" status="PASS">
          <params>
            <param index="0">
              <value>
                <![CDATA[org.testng.TestRunner@41925502]]>
              </value>
            </param>
          </params>
          <reporter-output>
          </reporter-output>
        </test-method> <!-- beforeTest -->
        <test-method is-config="true" signature="beforeMethod(org.testng.ITestContext)[pri:0, instance:Frontend_Testcases.OpenFrontend@7ef82753]" started-at="2023-08-07T12:16:48 IST" name="beforeMethod" finished-at="2023-08-07T12:16:48 IST" duration-ms="0" status="PASS">
          <params>
            <param index="0">
              <value>
                <![CDATA[org.testng.TestRunner@41925502]]>
              </value>
            </param>
          </params>
          <reporter-output>
          </reporter-output>
        </test-method> <!-- beforeMethod -->
        <test-method signature="openFrontend()[pri:0, instance:Frontend_Testcases.OpenFrontend@7ef82753]" started-at="2023-08-07T12:16:48 IST" name="openFrontend" finished-at="2023-08-07T12:16:48 IST" duration-ms="0" status="SKIP">
          <exception class="java.lang.NullPointerException">
            <message>
              <![CDATA[Cannot invoke "org.monte.media.MovieWriter.addTrack(org.monte.media.Format)" because "this.w" is null]]>
            </message>
            <full-stacktrace>
              <![CDATA[java.lang.NullPointerException: Cannot invoke "org.monte.media.MovieWriter.addTrack(org.monte.media.Format)" because "this.w" is null
at org.monte.screenrecorder.ScreenRecorder.createMovieWriter(ScreenRecorder.java:382)
at org.monte.screenrecorder.ScreenRecorder.start(ScreenRecorder.java:489)
at Recorder.MyScreenRecorder.startRecording(MyScreenRecorder.java:147)
at TestBase.JohnsonBase.beforeSuite(JohnsonBase.java:41)
at java.base/jdk.internal.reflect.NativeMethodAccessorImpl.invoke0(Native Method)
at java.base/jdk.internal.reflect.NativeMethodAccessorImpl.invoke(NativeMethodAccessorImpl.java:77)
at java.base/jdk.internal.reflect.DelegatingMethodAccessorImpl.invoke(DelegatingMethodAccessorImpl.java:43)
at java.base/java.lang.reflect.Method.invoke(Method.java:568)
at org.testng.internal.MethodInvocationHelper.invokeMethod(MethodInvocationHelper.java:133)
at org.testng.internal.MethodInvocationHelper.invokeMethodConsideringTimeout(MethodInvocationHelper.java:62)
at org.testng.internal.ConfigInvoker.invokeConfigurationMethod(ConfigInvoker.java:385)
at org.testng.internal.ConfigInvoker.invokeConfigurations(ConfigInvoker.java:321)
at org.testng.SuiteRunner.privateRun(SuiteRunner.java:317)
at org.testng.SuiteRunner.run(SuiteRunner.java:276)
at org.testng.SuiteRunnerWorker.runSuite(SuiteRunnerWorker.java:53)
at org.testng.SuiteRunnerWorker.run(SuiteRunnerWorker.java:96)
at org.testng.TestNG.runSuitesSequentially(TestNG.java:1212)
at org.testng.TestNG.runSuitesLocally(TestNG.java:1134)
at org.testng.TestNG.runSuites(TestNG.java:1063)
at org.testng.TestNG.run(TestNG.java:1031)
at org.testng.remote.AbstractRemoteTestNG.run(AbstractRemoteTestNG.java:115)
at org.testng.remote.RemoteTestNG.initAndRun(RemoteTestNG.java:251)
at org.testng.remote.RemoteTestNG.main(RemoteTestNG.java:77)
]]>
            </full-stacktrace>
          </exception> <!-- java.lang.NullPointerException -->
          <reporter-output>
          </reporter-output>
        </test-method> <!-- openFrontend -->
        <test-method is-config="true" signature="afterTest(org.testng.ITestContext)[pri:0, instance:Frontend_Testcases.OpenFrontend@7ef82753]" started-at="2023-08-07T12:16:48 IST" name="afterTest" finished-at="1970-01-01T05:30:00 IST" duration-ms="-1691390808133" status="SKIP">
          <reporter-output>
          </reporter-output>
        </test-method> <!-- afterTest -->
      </class> <!-- Frontend_Testcases.OpenFrontend -->
    </test> <!-- Open Frontend -->
    <test started-at="2023-08-07T12:16:48 IST" name="Login" finished-at="2023-08-07T12:16:48 IST" duration-ms="32">
      <class name="Frontend_Testcases.Login">
        <test-method is-config="true" signature="beforeTest(org.testng.ITestContext)[pri:0, instance:Frontend_Testcases.Login@48bb62]" started-at="2023-08-07T12:16:48 IST" name="beforeTest" finished-at="2023-08-07T12:16:48 IST" duration-ms="3" status="PASS">
          <params>
            <param index="0">
              <value>
                <![CDATA[org.testng.TestRunner@6c6c5427]]>
              </value>
            </param>
          </params>
          <reporter-output>
          </reporter-output>
        </test-method> <!-- beforeTest -->
        <test-method is-config="true" signature="beforeMethod(org.testng.ITestContext)[pri:0, instance:Frontend_Testcases.Login@48bb62]" started-at="2023-08-07T12:16:48 IST" name="beforeMethod" finished-at="2023-08-07T12:16:48 IST" duration-ms="1" status="PASS">
          <params>
            <param index="0">
              <value>
                <![CDATA[org.testng.TestRunner@6c6c5427]]>
              </value>
            </param>
          </params>
          <reporter-output>
          </reporter-output>
        </test-method> <!-- beforeMethod -->
        <test-method signature="login()[pri:0, instance:Frontend_Testcases.Login@48bb62]" started-at="2023-08-07T12:16:48 IST" name="login" finished-at="2023-08-07T12:16:48 IST" duration-ms="0" status="SKIP">
          <exception class="java.lang.NullPointerException">
            <message>
              <![CDATA[Cannot invoke "org.monte.media.MovieWriter.addTrack(org.monte.media.Format)" because "this.w" is null]]>
            </message>
            <full-stacktrace>
              <![CDATA[java.lang.NullPointerException: Cannot invoke "org.monte.media.MovieWriter.addTrack(org.monte.media.Format)" because "this.w" is null
at org.monte.screenrecorder.ScreenRecorder.createMovieWriter(ScreenRecorder.java:382)
at org.monte.screenrecorder.ScreenRecorder.start(ScreenRecorder.java:489)
at Recorder.MyScreenRecorder.startRecording(MyScreenRecorder.java:147)
at TestBase.JohnsonBase.beforeSuite(JohnsonBase.java:41)
at java.base/jdk.internal.reflect.NativeMethodAccessorImpl.invoke0(Native Method)
at java.base/jdk.internal.reflect.NativeMethodAccessorImpl.invoke(NativeMethodAccessorImpl.java:77)
at java.base/jdk.internal.reflect.DelegatingMethodAccessorImpl.invoke(DelegatingMethodAccessorImpl.java:43)
at java.base/java.lang.reflect.Method.invoke(Method.java:568)
at org.testng.internal.MethodInvocationHelper.invokeMethod(MethodInvocationHelper.java:133)
at org.testng.internal.MethodInvocationHelper.invokeMethodConsideringTimeout(MethodInvocationHelper.java:62)
at org.testng.internal.ConfigInvoker.invokeConfigurationMethod(ConfigInvoker.java:385)
at org.testng.internal.ConfigInvoker.invokeConfigurations(ConfigInvoker.java:321)
at org.testng.SuiteRunner.privateRun(SuiteRunner.java:317)
at org.testng.SuiteRunner.run(SuiteRunner.java:276)
at org.testng.SuiteRunnerWorker.runSuite(SuiteRunnerWorker.java:53)
at org.testng.SuiteRunnerWorker.run(SuiteRunnerWorker.java:96)
at org.testng.TestNG.runSuitesSequentially(TestNG.java:1212)
at org.testng.TestNG.runSuitesLocally(TestNG.java:1134)
at org.testng.TestNG.runSuites(TestNG.java:1063)
at org.testng.TestNG.run(TestNG.java:1031)
at org.testng.remote.AbstractRemoteTestNG.run(AbstractRemoteTestNG.java:115)
at org.testng.remote.RemoteTestNG.initAndRun(RemoteTestNG.java:251)
at org.testng.remote.RemoteTestNG.main(RemoteTestNG.java:77)
]]>
            </full-stacktrace>
          </exception> <!-- java.lang.NullPointerException -->
          <reporter-output>
          </reporter-output>
        </test-method> <!-- login -->
        <test-method is-config="true" signature="afterTest(org.testng.ITestContext)[pri:0, instance:Frontend_Testcases.Login@48bb62]" started-at="2023-08-07T12:16:48 IST" name="afterTest" finished-at="1970-01-01T05:30:00 IST" duration-ms="-1691390808212" status="SKIP">
          <reporter-output>
          </reporter-output>
        </test-method> <!-- afterTest -->
      </class> <!-- Frontend_Testcases.Login -->
    </test> <!-- Login -->
    <test started-at="2023-08-07T12:16:48 IST" name="Logout" finished-at="2023-08-07T12:16:48 IST" duration-ms="19">
      <class name="Frontend_Testcases.Logout">
        <test-method is-config="true" signature="beforeTest(org.testng.ITestContext)[pri:0, instance:Frontend_Testcases.Logout@710c2b53]" started-at="2023-08-07T12:16:48 IST" name="beforeTest" finished-at="2023-08-07T12:16:48 IST" duration-ms="5" status="PASS">
          <params>
            <param index="0">
              <value>
                <![CDATA[org.testng.TestRunner@618c5d94]]>
              </value>
            </param>
          </params>
          <reporter-output>
          </reporter-output>
        </test-method> <!-- beforeTest -->
        <test-method is-config="true" signature="beforeMethod(org.testng.ITestContext)[pri:0, instance:Frontend_Testcases.Logout@710c2b53]" started-at="2023-08-07T12:16:48 IST" name="beforeMethod" finished-at="2023-08-07T12:16:48 IST" duration-ms="0" status="PASS">
          <params>
            <param index="0">
              <value>
                <![CDATA[org.testng.TestRunner@618c5d94]]>
              </value>
            </param>
          </params>
          <reporter-output>
          </reporter-output>
        </test-method> <!-- beforeMethod -->
        <test-method signature="logout()[pri:0, instance:Frontend_Testcases.Logout@710c2b53]" started-at="2023-08-07T12:16:48 IST" name="logout" finished-at="2023-08-07T12:16:48 IST" duration-ms="0" status="SKIP">
          <exception class="java.lang.NullPointerException">
            <message>
              <![CDATA[Cannot invoke "org.monte.media.MovieWriter.addTrack(org.monte.media.Format)" because "this.w" is null]]>
            </message>
            <full-stacktrace>
              <![CDATA[java.lang.NullPointerException: Cannot invoke "org.monte.media.MovieWriter.addTrack(org.monte.media.Format)" because "this.w" is null
at org.monte.screenrecorder.ScreenRecorder.createMovieWriter(ScreenRecorder.java:382)
at org.monte.screenrecorder.ScreenRecorder.start(ScreenRecorder.java:489)
at Recorder.MyScreenRecorder.startRecording(MyScreenRecorder.java:147)
at TestBase.JohnsonBase.beforeSuite(JohnsonBase.java:41)
at java.base/jdk.internal.reflect.NativeMethodAccessorImpl.invoke0(Native Method)
at java.base/jdk.internal.reflect.NativeMethodAccessorImpl.invoke(NativeMethodAccessorImpl.java:77)
at java.base/jdk.internal.reflect.DelegatingMethodAccessorImpl.invoke(DelegatingMethodAccessorImpl.java:43)
at java.base/java.lang.reflect.Method.invoke(Method.java:568)
at org.testng.internal.MethodInvocationHelper.invokeMethod(MethodInvocationHelper.java:133)
at org.testng.internal.MethodInvocationHelper.invokeMethodConsideringTimeout(MethodInvocationHelper.java:62)
at org.testng.internal.ConfigInvoker.invokeConfigurationMethod(ConfigInvoker.java:385)
at org.testng.internal.ConfigInvoker.invokeConfigurations(ConfigInvoker.java:321)
at org.testng.SuiteRunner.privateRun(SuiteRunner.java:317)
at org.testng.SuiteRunner.run(SuiteRunner.java:276)
at org.testng.SuiteRunnerWorker.runSuite(SuiteRunnerWorker.java:53)
at org.testng.SuiteRunnerWorker.run(SuiteRunnerWorker.java:96)
at org.testng.TestNG.runSuitesSequentially(TestNG.java:1212)
at org.testng.TestNG.runSuitesLocally(TestNG.java:1134)
at org.testng.TestNG.runSuites(TestNG.java:1063)
at org.testng.TestNG.run(TestNG.java:1031)
at org.testng.remote.AbstractRemoteTestNG.run(AbstractRemoteTestNG.java:115)
at org.testng.remote.RemoteTestNG.initAndRun(RemoteTestNG.java:251)
at org.testng.remote.RemoteTestNG.main(RemoteTestNG.java:77)
]]>
            </full-stacktrace>
          </exception> <!-- java.lang.NullPointerException -->
          <reporter-output>
          </reporter-output>
        </test-method> <!-- logout -->
        <test-method is-config="true" signature="afterTest(org.testng.ITestContext)[pri:0, instance:Frontend_Testcases.Logout@710c2b53]" started-at="2023-08-07T12:16:48 IST" name="afterTest" finished-at="1970-01-01T05:30:00 IST" duration-ms="-1691390808245" status="SKIP">
          <reporter-output>
          </reporter-output>
        </test-method> <!-- afterTest -->
      </class> <!-- Frontend_Testcases.Logout -->
    </test> <!-- Logout -->
    <test started-at="2023-08-07T12:16:48 IST" name="Invalid Username Valid Password" finished-at="2023-08-07T12:16:48 IST" duration-ms="47">
      <class name="Frontend_Testcases.LoginValidations">
        <test-method is-config="true" signature="beforeSuite(org.testng.ITestContext)[pri:0, instance:Frontend_Testcases.LoginValidations@6e9a5ed8]" started-at="2023-08-07T12:16:47 IST" name="beforeSuite" finished-at="2023-08-07T12:16:47 IST" duration-ms="516" status="FAIL">
          <params>
            <param index="0">
              <value>
                <![CDATA[org.testng.TestRunner@3c7c886c]]>
              </value>
            </param>
          </params>
          <exception class="java.lang.NullPointerException">
            <message>
              <![CDATA[Cannot invoke "org.monte.media.MovieWriter.addTrack(org.monte.media.Format)" because "this.w" is null]]>
            </message>
            <full-stacktrace>
              <![CDATA[java.lang.NullPointerException: Cannot invoke "org.monte.media.MovieWriter.addTrack(org.monte.media.Format)" because "this.w" is null
at org.monte.screenrecorder.ScreenRecorder.createMovieWriter(ScreenRecorder.java:382)
at org.monte.screenrecorder.ScreenRecorder.start(ScreenRecorder.java:489)
at Recorder.MyScreenRecorder.startRecording(MyScreenRecorder.java:147)
at TestBase.JohnsonBase.beforeSuite(JohnsonBase.java:41)
at java.base/jdk.internal.reflect.NativeMethodAccessorImpl.invoke0(Native Method)
at java.base/jdk.internal.reflect.NativeMethodAccessorImpl.invoke(NativeMethodAccessorImpl.java:77)
at java.base/jdk.internal.reflect.DelegatingMethodAccessorImpl.invoke(DelegatingMethodAccessorImpl.java:43)
at java.base/java.lang.reflect.Method.invoke(Method.java:568)
at org.testng.internal.MethodInvocationHelper.invokeMethod(MethodInvocationHelper.java:133)
at org.testng.internal.MethodInvocationHelper.invokeMethodConsideringTimeout(MethodInvocationHelper.java:62)
at org.testng.internal.ConfigInvoker.invokeConfigurationMethod(ConfigInvoker.java:385)
at org.testng.internal.ConfigInvoker.invokeConfigurations(ConfigInvoker.java:321)
at org.testng.SuiteRunner.privateRun(SuiteRunner.java:317)
at org.testng.SuiteRunner.run(SuiteRunner.java:276)
at org.testng.SuiteRunnerWorker.runSuite(SuiteRunnerWorker.java:53)
at org.testng.SuiteRunnerWorker.run(SuiteRunnerWorker.java:96)
at org.testng.TestNG.runSuitesSequentially(TestNG.java:1212)
at org.testng.TestNG.runSuitesLocally(TestNG.java:1134)
at org.testng.TestNG.runSuites(TestNG.java:1063)
at org.testng.TestNG.run(TestNG.java:1031)
at org.testng.remote.AbstractRemoteTestNG.run(AbstractRemoteTestNG.java:115)
at org.testng.remote.RemoteTestNG.initAndRun(RemoteTestNG.java:251)
at org.testng.remote.RemoteTestNG.main(RemoteTestNG.java:77)
]]>
            </full-stacktrace>
          </exception> <!-- java.lang.NullPointerException -->
          <reporter-output>
          </reporter-output>
        </test-method> <!-- beforeSuite -->
        <test-method is-config="true" signature="beforeTest(org.testng.ITestContext)[pri:0, instance:Frontend_Testcases.LoginValidations@6e9a5ed8]" started-at="2023-08-07T12:16:48 IST" name="beforeTest" finished-at="2023-08-07T12:16:48 IST" duration-ms="5" status="PASS">
          <params>
            <param index="0">
              <value>
                <![CDATA[org.testng.TestRunner@3c7c886c]]>
              </value>
            </param>
          </params>
          <reporter-output>
          </reporter-output>
        </test-method> <!-- beforeTest -->
        <test-method signature="blankUsernameBlankPassword()[pri:1, instance:Frontend_Testcases.LoginValidations@6e9a5ed8]" started-at="2023-08-07T12:16:48 IST" name="blankUsernameBlankPassword" finished-at="2023-08-07T12:16:48 IST" duration-ms="0" status="SKIP">
          <exception class="java.lang.NullPointerException">
            <message>
              <![CDATA[Cannot invoke "org.monte.media.MovieWriter.addTrack(org.monte.media.Format)" because "this.w" is null]]>
            </message>
            <full-stacktrace>
              <![CDATA[java.lang.NullPointerException: Cannot invoke "org.monte.media.MovieWriter.addTrack(org.monte.media.Format)" because "this.w" is null
at org.monte.screenrecorder.ScreenRecorder.createMovieWriter(ScreenRecorder.java:382)
at org.monte.screenrecorder.ScreenRecorder.start(ScreenRecorder.java:489)
at Recorder.MyScreenRecorder.startRecording(MyScreenRecorder.java:147)
at TestBase.JohnsonBase.beforeSuite(JohnsonBase.java:41)
at java.base/jdk.internal.reflect.NativeMethodAccessorImpl.invoke0(Native Method)
at java.base/jdk.internal.reflect.NativeMethodAccessorImpl.invoke(NativeMethodAccessorImpl.java:77)
at java.base/jdk.internal.reflect.DelegatingMethodAccessorImpl.invoke(DelegatingMethodAccessorImpl.java:43)
at java.base/java.lang.reflect.Method.invoke(Method.java:568)
at org.testng.internal.MethodInvocationHelper.invokeMethod(MethodInvocationHelper.java:133)
at org.testng.internal.MethodInvocationHelper.invokeMethodConsideringTimeout(MethodInvocationHelper.java:62)
at org.testng.internal.ConfigInvoker.invokeConfigurationMethod(ConfigInvoker.java:385)
at org.testng.internal.ConfigInvoker.invokeConfigurations(ConfigInvoker.java:321)
at org.testng.SuiteRunner.privateRun(SuiteRunner.java:317)
at org.testng.SuiteRunner.run(SuiteRunner.java:276)
at org.testng.SuiteRunnerWorker.runSuite(SuiteRunnerWorker.java:53)
at org.testng.SuiteRunnerWorker.run(SuiteRunnerWorker.java:96)
at org.testng.TestNG.runSuitesSequentially(TestNG.java:1212)
at org.testng.TestNG.runSuitesLocally(TestNG.java:1134)
at org.testng.TestNG.runSuites(TestNG.java:1063)
at org.testng.TestNG.run(TestNG.java:1031)
at org.testng.remote.AbstractRemoteTestNG.run(AbstractRemoteTestNG.java:115)
at org.testng.remote.RemoteTestNG.initAndRun(RemoteTestNG.java:251)
at org.testng.remote.RemoteTestNG.main(RemoteTestNG.java:77)
]]>
            </full-stacktrace>
          </exception> <!-- java.lang.NullPointerException -->
          <reporter-output>
          </reporter-output>
        </test-method> <!-- blankUsernameBlankPassword -->
        <test-method is-config="true" signature="beforeMethod(org.testng.ITestContext)[pri:0, instance:Frontend_Testcases.LoginValidations@6e9a5ed8]" started-at="2023-08-07T12:16:48 IST" name="beforeMethod" finished-at="2023-08-07T12:16:48 IST" duration-ms="0" status="PASS">
          <params>
            <param index="0">
              <value>
                <![CDATA[org.testng.TestRunner@3c7c886c]]>
              </value>
            </param>
          </params>
          <reporter-output>
          </reporter-output>
        </test-method> <!-- beforeMethod -->
        <test-method signature="validUsernameInvalidPassword()[pri:2, instance:Frontend_Testcases.LoginValidations@6e9a5ed8]" started-at="2023-08-07T12:16:48 IST" name="validUsernameInvalidPassword" finished-at="2023-08-07T12:16:48 IST" duration-ms="0" status="SKIP">
          <exception class="java.lang.NullPointerException">
            <message>
              <![CDATA[Cannot invoke "org.monte.media.MovieWriter.addTrack(org.monte.media.Format)" because "this.w" is null]]>
            </message>
            <full-stacktrace>
              <![CDATA[java.lang.NullPointerException: Cannot invoke "org.monte.media.MovieWriter.addTrack(org.monte.media.Format)" because "this.w" is null
at org.monte.screenrecorder.ScreenRecorder.createMovieWriter(ScreenRecorder.java:382)
at org.monte.screenrecorder.ScreenRecorder.start(ScreenRecorder.java:489)
at Recorder.MyScreenRecorder.startRecording(MyScreenRecorder.java:147)
at TestBase.JohnsonBase.beforeSuite(JohnsonBase.java:41)
at java.base/jdk.internal.reflect.NativeMethodAccessorImpl.invoke0(Native Method)
at java.base/jdk.internal.reflect.NativeMethodAccessorImpl.invoke(NativeMethodAccessorImpl.java:77)
at java.base/jdk.internal.reflect.DelegatingMethodAccessorImpl.invoke(DelegatingMethodAccessorImpl.java:43)
at java.base/java.lang.reflect.Method.invoke(Method.java:568)
at org.testng.internal.MethodInvocationHelper.invokeMethod(MethodInvocationHelper.java:133)
at org.testng.internal.MethodInvocationHelper.invokeMethodConsideringTimeout(MethodInvocationHelper.java:62)
at org.testng.internal.ConfigInvoker.invokeConfigurationMethod(ConfigInvoker.java:385)
at org.testng.internal.ConfigInvoker.invokeConfigurations(ConfigInvoker.java:321)
at org.testng.SuiteRunner.privateRun(SuiteRunner.java:317)
at org.testng.SuiteRunner.run(SuiteRunner.java:276)
at org.testng.SuiteRunnerWorker.runSuite(SuiteRunnerWorker.java:53)
at org.testng.SuiteRunnerWorker.run(SuiteRunnerWorker.java:96)
at org.testng.TestNG.runSuitesSequentially(TestNG.java:1212)
at org.testng.TestNG.runSuitesLocally(TestNG.java:1134)
at org.testng.TestNG.runSuites(TestNG.java:1063)
at org.testng.TestNG.run(TestNG.java:1031)
at org.testng.remote.AbstractRemoteTestNG.run(AbstractRemoteTestNG.java:115)
at org.testng.remote.RemoteTestNG.initAndRun(RemoteTestNG.java:251)
at org.testng.remote.RemoteTestNG.main(RemoteTestNG.java:77)
]]>
            </full-stacktrace>
          </exception> <!-- java.lang.NullPointerException -->
          <reporter-output>
          </reporter-output>
        </test-method> <!-- validUsernameInvalidPassword -->
        <test-method is-config="true" signature="beforeMethod(org.testng.ITestContext)[pri:0, instance:Frontend_Testcases.LoginValidations@6e9a5ed8]" started-at="2023-08-07T12:16:48 IST" name="beforeMethod" finished-at="2023-08-07T12:16:48 IST" duration-ms="0" status="PASS">
          <params>
            <param index="0">
              <value>
                <![CDATA[org.testng.TestRunner@3c7c886c]]>
              </value>
            </param>
          </params>
          <reporter-output>
          </reporter-output>
        </test-method> <!-- beforeMethod -->
        <test-method signature="invalidUsernameValidPassword()[pri:3, instance:Frontend_Testcases.LoginValidations@6e9a5ed8]" started-at="2023-08-07T12:16:48 IST" name="invalidUsernameValidPassword" finished-at="2023-08-07T12:16:48 IST" duration-ms="0" status="SKIP">
          <exception class="java.lang.NullPointerException">
            <message>
              <![CDATA[Cannot invoke "org.monte.media.MovieWriter.addTrack(org.monte.media.Format)" because "this.w" is null]]>
            </message>
            <full-stacktrace>
              <![CDATA[java.lang.NullPointerException: Cannot invoke "org.monte.media.MovieWriter.addTrack(org.monte.media.Format)" because "this.w" is null
at org.monte.screenrecorder.ScreenRecorder.createMovieWriter(ScreenRecorder.java:382)
at org.monte.screenrecorder.ScreenRecorder.start(ScreenRecorder.java:489)
at Recorder.MyScreenRecorder.startRecording(MyScreenRecorder.java:147)
at TestBase.JohnsonBase.beforeSuite(JohnsonBase.java:41)
at java.base/jdk.internal.reflect.NativeMethodAccessorImpl.invoke0(Native Method)
at java.base/jdk.internal.reflect.NativeMethodAccessorImpl.invoke(NativeMethodAccessorImpl.java:77)
at java.base/jdk.internal.reflect.DelegatingMethodAccessorImpl.invoke(DelegatingMethodAccessorImpl.java:43)
at java.base/java.lang.reflect.Method.invoke(Method.java:568)
at org.testng.internal.MethodInvocationHelper.invokeMethod(MethodInvocationHelper.java:133)
at org.testng.internal.MethodInvocationHelper.invokeMethodConsideringTimeout(MethodInvocationHelper.java:62)
at org.testng.internal.ConfigInvoker.invokeConfigurationMethod(ConfigInvoker.java:385)
at org.testng.internal.ConfigInvoker.invokeConfigurations(ConfigInvoker.java:321)
at org.testng.SuiteRunner.privateRun(SuiteRunner.java:317)
at org.testng.SuiteRunner.run(SuiteRunner.java:276)
at org.testng.SuiteRunnerWorker.runSuite(SuiteRunnerWorker.java:53)
at org.testng.SuiteRunnerWorker.run(SuiteRunnerWorker.java:96)
at org.testng.TestNG.runSuitesSequentially(TestNG.java:1212)
at org.testng.TestNG.runSuitesLocally(TestNG.java:1134)
at org.testng.TestNG.runSuites(TestNG.java:1063)
at org.testng.TestNG.run(TestNG.java:1031)
at org.testng.remote.AbstractRemoteTestNG.run(AbstractRemoteTestNG.java:115)
at org.testng.remote.RemoteTestNG.initAndRun(RemoteTestNG.java:251)
at org.testng.remote.RemoteTestNG.main(RemoteTestNG.java:77)
]]>
            </full-stacktrace>
          </exception> <!-- java.lang.NullPointerException -->
          <reporter-output>
          </reporter-output>
        </test-method> <!-- invalidUsernameValidPassword -->
        <test-method is-config="true" signature="beforeMethod(org.testng.ITestContext)[pri:0, instance:Frontend_Testcases.LoginValidations@6e9a5ed8]" started-at="2023-08-07T12:16:48 IST" name="beforeMethod" finished-at="2023-08-07T12:16:48 IST" duration-ms="0" status="PASS">
          <params>
            <param index="0">
              <value>
                <![CDATA[org.testng.TestRunner@3c7c886c]]>
              </value>
            </param>
          </params>
          <reporter-output>
          </reporter-output>
        </test-method> <!-- beforeMethod -->
        <test-method is-config="true" signature="beforeMethod(org.testng.ITestContext)[pri:0, instance:Frontend_Testcases.LoginValidations@6e9a5ed8]" started-at="2023-08-07T12:16:48 IST" name="beforeMethod" finished-at="2023-08-07T12:16:48 IST" duration-ms="0" status="PASS">
          <params>
            <param index="0">
              <value>
                <![CDATA[org.testng.TestRunner@3c7c886c]]>
              </value>
            </param>
          </params>
          <reporter-output>
          </reporter-output>
        </test-method> <!-- beforeMethod -->
        <test-method signature="validUsernameValidPassword()[pri:4, instance:Frontend_Testcases.LoginValidations@6e9a5ed8]" started-at="2023-08-07T12:16:48 IST" name="validUsernameValidPassword" finished-at="2023-08-07T12:16:48 IST" duration-ms="0" status="SKIP">
          <exception class="java.lang.NullPointerException">
            <message>
              <![CDATA[Cannot invoke "org.monte.media.MovieWriter.addTrack(org.monte.media.Format)" because "this.w" is null]]>
            </message>
            <full-stacktrace>
              <![CDATA[java.lang.NullPointerException: Cannot invoke "org.monte.media.MovieWriter.addTrack(org.monte.media.Format)" because "this.w" is null
at org.monte.screenrecorder.ScreenRecorder.createMovieWriter(ScreenRecorder.java:382)
at org.monte.screenrecorder.ScreenRecorder.start(ScreenRecorder.java:489)
at Recorder.MyScreenRecorder.startRecording(MyScreenRecorder.java:147)
at TestBase.JohnsonBase.beforeSuite(JohnsonBase.java:41)
at java.base/jdk.internal.reflect.NativeMethodAccessorImpl.invoke0(Native Method)
at java.base/jdk.internal.reflect.NativeMethodAccessorImpl.invoke(NativeMethodAccessorImpl.java:77)
at java.base/jdk.internal.reflect.DelegatingMethodAccessorImpl.invoke(DelegatingMethodAccessorImpl.java:43)
at java.base/java.lang.reflect.Method.invoke(Method.java:568)
at org.testng.internal.MethodInvocationHelper.invokeMethod(MethodInvocationHelper.java:133)
at org.testng.internal.MethodInvocationHelper.invokeMethodConsideringTimeout(MethodInvocationHelper.java:62)
at org.testng.internal.ConfigInvoker.invokeConfigurationMethod(ConfigInvoker.java:385)
at org.testng.internal.ConfigInvoker.invokeConfigurations(ConfigInvoker.java:321)
at org.testng.SuiteRunner.privateRun(SuiteRunner.java:317)
at org.testng.SuiteRunner.run(SuiteRunner.java:276)
at org.testng.SuiteRunnerWorker.runSuite(SuiteRunnerWorker.java:53)
at org.testng.SuiteRunnerWorker.run(SuiteRunnerWorker.java:96)
at org.testng.TestNG.runSuitesSequentially(TestNG.java:1212)
at org.testng.TestNG.runSuitesLocally(TestNG.java:1134)
at org.testng.TestNG.runSuites(TestNG.java:1063)
at org.testng.TestNG.run(TestNG.java:1031)
at org.testng.remote.AbstractRemoteTestNG.run(AbstractRemoteTestNG.java:115)
at org.testng.remote.RemoteTestNG.initAndRun(RemoteTestNG.java:251)
at org.testng.remote.RemoteTestNG.main(RemoteTestNG.java:77)
]]>
            </full-stacktrace>
          </exception> <!-- java.lang.NullPointerException -->
          <reporter-output>
          </reporter-output>
        </test-method> <!-- validUsernameValidPassword -->
        <test-method is-config="true" signature="afterTest(org.testng.ITestContext)[pri:0, instance:Frontend_Testcases.LoginValidations@6e9a5ed8]" started-at="2023-08-07T12:16:48 IST" name="afterTest" finished-at="1970-01-01T05:30:00 IST" duration-ms="-1691390808305" status="SKIP">
          <reporter-output>
          </reporter-output>
        </test-method> <!-- afterTest -->
        <test-method is-config="true" signature="afterSuite(org.testng.ITestContext)[pri:0, instance:Frontend_Testcases.LoginValidations@6e9a5ed8]" started-at="2023-08-07T12:16:48 IST" name="afterSuite" finished-at="1970-01-01T05:30:00 IST" duration-ms="-1691390808329" status="SKIP">
          <reporter-output>
          </reporter-output>
        </test-method> <!-- afterSuite -->
      </class> <!-- Frontend_Testcases.LoginValidations -->
    </test> <!-- Invalid Username Valid Password -->
  </suite> <!-- Suite -->
</testng-results>
